Using pre-set license
Built from '2021.3/staging' branch; Version is '2021.3.19f1 (c9714fde33b6) revision 13201743'; Using compiler version '192829333'; Build Type 'Release'
OS: 'Windows 11  (10.0.22621) 64bit Professional' Language: 'en' Physical Memory: 32695 MB
BatchMode: 1, IsHumanControllingUs: 0, StartBugReporterOnCrash: 0, Is64bit: 1, IsPro: 1

COMMAND LINE ARGUMENTS:
C:\Program Files\Unity\Hub\Editor\2021.3.19f1\Editor\Unity.exe
-adb2
-batchMode
-noUpm
-name
AssetImportWorker3
-projectPath
C:/Users/meken/Documents/Git/John-Lemon-s-Haunted-Jaunt/John Lemon's Haunted Jaunt (Game)
-logFile
Logs/AssetImportWorker3.log
-srvPort
56368
Successfully changed project path to: C:/Users/meken/Documents/Git/John-Lemon-s-Haunted-Jaunt/John Lemon's Haunted Jaunt (Game)
C:/Users/meken/Documents/Git/John-Lemon-s-Haunted-Jaunt/John Lemon's Haunted Jaunt (Game)
[UnityMemory] Configuration Parameters - Can be set up in boot.config
    "memorysetup-bucket-allocator-granularity=16"
    "memorysetup-bucket-allocator-bucket-count=8"
    "memorysetup-bucket-allocator-block-size=33554432"
    "memorysetup-bucket-allocator-block-count=8"
    "memorysetup-main-allocator-block-size=16777216"
    "memorysetup-thread-allocator-block-size=16777216"
    "memorysetup-gfx-main-allocator-block-size=16777216"
    "memorysetup-gfx-thread-allocator-block-size=16777216"
    "memorysetup-cache-allocator-block-size=4194304"
    "memorysetup-typetree-allocator-block-size=2097152"
    "memorysetup-profiler-bucket-allocator-granularity=16"
    "memorysetup-profiler-bucket-allocator-bucket-count=8"
    "memorysetup-profiler-bucket-allocator-block-size=33554432"
    "memorysetup-profiler-bucket-allocator-block-count=8"
    "memorysetup-profiler-allocator-block-size=16777216"
    "memorysetup-profiler-editor-allocator-block-size=1048576"
    "memorysetup-temp-allocator-size-main=16777216"
    "memorysetup-job-temp-allocator-block-size=2097152"
    "memorysetup-job-temp-allocator-block-size-background=1048576"
    "memorysetup-job-temp-allocator-reduction-small-platforms=262144"
    "memorysetup-temp-allocator-size-background-worker=32768"
    "memorysetup-temp-allocator-size-job-worker=262144"
    "memorysetup-temp-allocator-size-preload-manager=33554432"
    "memorysetup-temp-allocator-size-nav-mesh-worker=65536"
    "memorysetup-temp-allocator-size-audio-worker=65536"
    "memorysetup-temp-allocator-size-cloud-worker=32768"
    "memorysetup-temp-allocator-size-gi-baking-worker=262144"
    "memorysetup-temp-allocator-size-gfx=262144"
Player connection [27192] Host "[IP] 192.168.0.115 [Port] 0 [Flags] 2 [Guid] 3203947992 [EditorId] 3203947992 [Version] 1048832 [Id] WindowsEditor(7,KendallDawson) [Debug] 1 [PackageName] WindowsEditor [ProjectName] Editor" joined multi-casting on [225.0.0.222:54997]...

Player connection [27192] Host "[IP] 192.168.0.115 [Port] 0 [Flags] 2 [Guid] 3203947992 [EditorId] 3203947992 [Version] 1048832 [Id] WindowsEditor(7,KendallDawson) [Debug] 1 [PackageName] WindowsEditor [ProjectName] Editor" joined alternative multi-casting on [225.0.0.222:34997]...

Refreshing native plugins compatible for Editor in 69.54 ms, found 3 plugins.
Preloading 0 native plugins for Editor in 0.00 ms.
Initialize engine version: 2021.3.19f1 (c9714fde33b6)
[Subsystems] Discovering subsystems at path C:/Program Files/Unity/Hub/Editor/2021.3.19f1/Editor/Data/Resources/UnitySubsystems
[Subsystems] Discovering subsystems at path C:/Users/meken/Documents/Git/John-Lemon-s-Haunted-Jaunt/John Lemon's Haunted Jaunt (Game)/Assets
GfxDevice: creating device client; threaded=0; jobified=0
Direct3D:
    Version:  Direct3D 11.0 [level 11.1]
    Renderer: NVIDIA GeForce GTX 1660 SUPER (ID=0x21c4)
    Vendor:   NVIDIA
    VRAM:     5992 MB
    Driver:   27.21.14.5671
Initialize mono
Mono path[0] = 'C:/Program Files/Unity/Hub/Editor/2021.3.19f1/Editor/Data/Managed'
Mono path[1] = 'C:/Program Files/Unity/Hub/Editor/2021.3.19f1/Editor/Data/MonoBleedingEdge/lib/mono/unityjit-win32'
Mono config path = 'C:/Program Files/Unity/Hub/Editor/2021.3.19f1/Editor/Data/MonoBleedingEdge/etc'
Using monoOptions --debugger-agent=transport=dt_socket,embedding=1,server=y,suspend=n,address=127.0.0.1:56676
Begin MonoManager ReloadAssembly
Registering precompiled unity dll's ...
Register platform support module: C:/Program Files/Unity/Hub/Editor/2021.3.19f1/Editor/Data/PlaybackEngines/WebGLSupport/UnityEditor.WebGL.Extensions.dll
Register platform support module: C:/Program Files/Unity/Hub/Editor/2021.3.19f1/Editor/Data/PlaybackEngines/MacStandaloneSupport/UnityEditor.OSXStandalone.Extensions.dll
Register platform support module: C:/Program Files/Unity/Hub/Editor/2021.3.19f1/Editor/Data/PlaybackEngines/AndroidPlayer/UnityEditor.Android.Extensions.dll
Register platform support module: C:/Program Files/Unity/Hub/Editor/2021.3.19f1/Editor/Data/PlaybackEngines/iOSSupport/UnityEditor.iOS.Extensions.dll
Register platform support module: C:/Program Files/Unity/Hub/Editor/2021.3.19f1/Editor/Data/PlaybackEngines/WindowsStandaloneSupport/UnityEditor.WindowsStandalone.Extensions.dll
Register platform support module: C:/Program Files/Unity/Hub/Editor/2021.3.19f1/Editor/Data/PlaybackEngines/LinuxStandaloneSupport/UnityEditor.LinuxStandalone.Extensions.dll
Register platform support module: C:/Program Files/Unity/Hub/Editor/2021.3.19f1/Editor/Data/PlaybackEngines/MetroSupport/UnityEditor.UWP.Extensions.dll
Registered in 0.005860 seconds.
Native extension for UWP target not found
Native extension for LinuxStandalone target not found
Native extension for WindowsStandalone target not found
[usbmuxd] Start listen thread
[usbmuxd] Listen thread started
Native extension for iOS target not found
Native extension for Android target not found
Android Extension - Scanning For ADB Devices 160 ms
Native extension for OSXStandalone target not found
Native extension for WebGL target not found
Refreshing native plugins compatible for Editor in 62.27 ms, found 3 plugins.
Preloading 0 native plugins for Editor in 0.00 ms.
Mono: successfully reloaded assembly
- Completed reload, in  0.641 seconds
Domain Reload Profiling:
	ReloadAssembly (641ms)
		BeginReloadAssembly (52ms)
			ExecutionOrderSort (0ms)
			DisableScriptedObjects (0ms)
			BackupInstance (0ms)
			ReleaseScriptingObjects (0ms)
			CreateAndSetChildDomain (1ms)
		EndReloadAssembly (509ms)
			LoadAssemblies (52ms)
			RebuildTransferFunctionScriptingTraits (0ms)
			SetupTypeCache (82ms)
			ReleaseScriptCaches (0ms)
			RebuildScriptCaches (17ms)
			SetupLoadedEditorAssemblies (372ms)
				LogAssemblyErrors (0ms)
				InitializePlatformSupportModulesInManaged (227ms)
				SetLoadedEditorAssemblies (0ms)
				RefreshPlugins (62ms)
				BeforeProcessingInitializeOnLoad (1ms)
				ProcessInitializeOnLoadAttributes (56ms)
				ProcessInitializeOnLoadMethodAttributes (26ms)
				AfterProcessingInitializeOnLoad (0ms)
				EditorAssembliesLoaded (0ms)
			ExecutionOrderSort2 (0ms)
			AwakeInstancesAfterBackupRestoration (0ms)
Platform modules already initialized, skipping
Registering precompiled user dll's ...
Registered in 0.003024 seconds.
Begin MonoManager ReloadAssembly
Symbol file LoadedFromMemory doesn't match image C:\Users\meken\Documents\Git\John-Lemon-s-Haunted-Jaunt\John Lemon's Haunted Jaunt (Game)\Library\PackageCache\com.unity.visualscripting@1.8.0\Editor\VisualScripting.Core\Dependencies\YamlDotNet\Unity.VisualScripting.YamlDotNet.dll
Symbol file LoadedFromMemory doesn't match image C:\Users\meken\Documents\Git\John-Lemon-s-Haunted-Jaunt\John Lemon's Haunted Jaunt (Game)\Library\PackageCache\com.unity.visualscripting@1.8.0\Editor\VisualScripting.Core\Dependencies\DotNetZip\Unity.VisualScripting.IonicZip.dll
Native extension for UWP target not found
Native extension for LinuxStandalone target not found
Native extension for WindowsStandalone target not found
Native extension for iOS target not found
Native extension for Android target not found
Native extension for OSXStandalone target not found
Native extension for WebGL target not found
Refreshing native plugins compatible for Editor in 0.77 ms, found 3 plugins.
Preloading 0 native plugins for Editor in 0.00 ms.
Mono: successfully reloaded assembly
- Completed reload, in  0.673 seconds
Domain Reload Profiling:
	ReloadAssembly (673ms)
		BeginReloadAssembly (70ms)
			ExecutionOrderSort (0ms)
			DisableScriptedObjects (4ms)
			BackupInstance (0ms)
			ReleaseScriptingObjects (0ms)
			CreateAndSetChildDomain (16ms)
		EndReloadAssembly (525ms)
			LoadAssemblies (50ms)
			RebuildTransferFunctionScriptingTraits (0ms)
			SetupTypeCache (163ms)
			ReleaseScriptCaches (1ms)
			RebuildScriptCaches (33ms)
			SetupLoadedEditorAssemblies (239ms)
				LogAssemblyErrors (0ms)
				InitializePlatformSupportModulesInManaged (20ms)
				SetLoadedEditorAssemblies (0ms)
				RefreshPlugins (1ms)
				BeforeProcessingInitializeOnLoad (51ms)
				ProcessInitializeOnLoadAttributes (152ms)
				ProcessInitializeOnLoadMethodAttributes (12ms)
				AfterProcessingInitializeOnLoad (4ms)
				EditorAssembliesLoaded (0ms)
			ExecutionOrderSort2 (0ms)
			AwakeInstancesAfterBackupRestoration (4ms)
Platform modules already initialized, skipping
========================================================================
Worker process is ready to serve import requests
Launched and connected shader compiler UnityShaderCompiler.exe after 0.03 seconds
Refreshing native plugins compatible for Editor in 0.75 ms, found 3 plugins.
Preloading 0 native plugins for Editor in 0.00 ms.
Unloading 3401 Unused Serialized files (Serialized files now loaded: 0)
Unloading 49 unused Assets / (1.4 MB). Loaded Objects now: 3856.
Memory consumption went from 206.9 MB to 205.5 MB.
Total: 3.185400 ms (FindLiveObjects: 0.237000 ms CreateObjectMapping: 0.133700 ms MarkObjects: 2.487200 ms  DeleteObjects: 0.326800 ms)

AssetImportParameters requested are different than current active one (requested -> active):
  custom:video-decoder-ogg-theora: a1e56fd34408186e4bbccfd4996cb3dc -> 
  custom:container-muxer-webm: aa71ff27fc2769a1b78a27578f13a17b -> 
  custom:container-demuxer-webm: 4f35f7cbe854078d1ac9338744f61a02 -> 
  custom:video-encoder-webm-vp8: eb34c28f22e8b96e1ab97ce403110664 -> 
  custom:video-codec-MediaFoundation-h265: 746d11721c4dcdbdad8f713fa42b33f4 -> 
  custom:audio-encoder-webm-vorbis: bf7c407c2cedff20999df2af8eb42d56 -> 
  custom:framework-win-MediaFoundation: 216162199b28c13a410421893ffa2e32 -> 
  custom:container-demuxer-ogg: 62fdf1f143b41e24485cea50d1cbac27 -> 
  custom:video-decoder-webm-vp8: 9c59270c3fd7afecdb556c50c9e8de78 -> 
  custom:audio-decoder-ogg-vorbis: bf7c407c2cedff20999df2af8eb42d56 -> 
========================================================================
Received Import Request.
  Time since last request: 1225495.279821 seconds.
  path: Assets/Packages/Modern UI Pack/Textures/Demo/Icons/Progress Bar.png
  artifactKey: Guid(ffce15479b5de65489593ffacb3a15f7) Importer(815301076,1909f56bfc062723c751e8b465ee728b)
Start importing Assets/Packages/Modern UI Pack/Textures/Demo/Icons/Progress Bar.png using Guid(ffce15479b5de65489593ffacb3a15f7) Importer(815301076,1909f56bfc062723c751e8b465ee728b)  -> (artifact id: 'ea925c0d26ce656d7a3d78fd78be65f4') in 0.094815 seconds 
========================================================================
Received Import Request.
  Time since last request: 2.755820 seconds.
  path: Assets/Packages/Modern UI Pack/Textures/Demo/Icons/Notification Filled.png
  artifactKey: Guid(fe3bc1cc05fbcf749a45c5d2abb5c5ed) Importer(815301076,1909f56bfc062723c751e8b465ee728b)
Start importing Assets/Packages/Modern UI Pack/Textures/Demo/Icons/Notification Filled.png using Guid(fe3bc1cc05fbcf749a45c5d2abb5c5ed) Importer(815301076,1909f56bfc062723c751e8b465ee728b)  -> (artifact id: '4fb10c3629f4796832d7ebd1fe305afa') in 0.018618 seconds 
========================================================================
Received Import Request.
  Time since last request: 0.000017 seconds.
  path: Assets/Packages/Modern UI Pack/Textures/Demo/Icons/Movable Window Filled.png
  artifactKey: Guid(ddfc95cfe6f5e2a43b984cac708b85e6) Importer(815301076,1909f56bfc062723c751e8b465ee728b)
Start importing Assets/Packages/Modern UI Pack/Textures/Demo/Icons/Movable Window Filled.png using Guid(ddfc95cfe6f5e2a43b984cac708b85e6) Importer(815301076,1909f56bfc062723c751e8b465ee728b)  -> (artifact id: '981b4f5a7a2d80ddc2dd63148ea11bd6') in 0.026005 seconds 
========================================================================
Received Import Request.
  Time since last request: 0.000017 seconds.
  path: Assets/Packages/Modern UI Pack/Textures/Demo/Icons/Movable Window.png
  artifactKey: Guid(73c7c456a5c819f4ab7a23f726b6c956) Importer(815301076,1909f56bfc062723c751e8b465ee728b)
Start importing Assets/Packages/Modern UI Pack/Textures/Demo/Icons/Movable Window.png using Guid(73c7c456a5c819f4ab7a23f726b6c956) Importer(815301076,1909f56bfc062723c751e8b465ee728b)  -> (artifact id: 'dff7bf3e39b1c884cdf26728690701bf') in 0.029048 seconds 
========================================================================
Received Import Request.
  Time since last request: 0.000017 seconds.
  path: Assets/Packages/Modern UI Pack/Textures/Icon/Others/Animation Icon Stuff/Lock Bottom.png
  artifactKey: Guid(b891d65ba4d76704b8d265e52bacdb6e) Importer(815301076,1909f56bfc062723c751e8b465ee728b)
Start importing Assets/Packages/Modern UI Pack/Textures/Icon/Others/Animation Icon Stuff/Lock Bottom.png using Guid(b891d65ba4d76704b8d265e52bacdb6e) Importer(815301076,1909f56bfc062723c751e8b465ee728b)  -> (artifact id: '9dc705a226069d581bdda77d2805ec4e') in 0.026386 seconds 
========================================================================
Received Import Request.
  Time since last request: 0.000016 seconds.
  path: Assets/Packages/Modern UI Pack/Textures/Icon/Reward/Medal.png
  artifactKey: Guid(038ccab8cd184d04cb1bfa1d79704320) Importer(815301076,1909f56bfc062723c751e8b465ee728b)
Start importing Assets/Packages/Modern UI Pack/Textures/Icon/Reward/Medal.png using Guid(038ccab8cd184d04cb1bfa1d79704320) Importer(815301076,1909f56bfc062723c751e8b465ee728b)  -> (artifact id: 'a3f878842d706e1846474bccf98c774c') in 0.024683 seconds 
========================================================================
Received Import Request.
  Time since last request: 0.000018 seconds.
  path: Packages/com.unity.collab-proxy/Editor/PlasticSCM/Assets/Images/iconrepository.png
  artifactKey: Guid(ed64f3a17f2ede646be21ed6edc9161a) Importer(815301076,1909f56bfc062723c751e8b465ee728b)
Start importing Packages/com.unity.collab-proxy/Editor/PlasticSCM/Assets/Images/iconrepository.png using Guid(ed64f3a17f2ede646be21ed6edc9161a) Importer(815301076,1909f56bfc062723c751e8b465ee728b)  -> (artifact id: '61281d63f29aa48023878d9d3fa88070') in 0.024572 seconds 
========================================================================
Received Import Request.
  Time since last request: 0.000025 seconds.
  path: Packages/com.unity.collab-proxy/Editor/PlasticSCM/Assets/Images/iconcheckedoutlocaloverlay@2x.png
  artifactKey: Guid(3999034958d54364da380a8839a11050) Importer(815301076,1909f56bfc062723c751e8b465ee728b)
Start importing Packages/com.unity.collab-proxy/Editor/PlasticSCM/Assets/Images/iconcheckedoutlocaloverlay@2x.png using Guid(3999034958d54364da380a8839a11050) Importer(815301076,1909f56bfc062723c751e8b465ee728b)  -> (artifact id: 'b0b5074c4aa9cecdca87c6f251872943') in 0.024210 seconds 
========================================================================
Received Import Request.
  Time since last request: 0.000015 seconds.
  path: Assets/Packages/Modern UI Pack/Textures/Icon/Communication & Social/Email.png
  artifactKey: Guid(7d891b18332e2174a97d6f6588bca6ca) Importer(815301076,1909f56bfc062723c751e8b465ee728b)
Start importing Assets/Packages/Modern UI Pack/Textures/Icon/Communication & Social/Email.png using Guid(7d891b18332e2174a97d6f6588bca6ca) Importer(815301076,1909f56bfc062723c751e8b465ee728b)  -> (artifact id: 'fd53887d175e782af1528274611888e9') in 0.025227 seconds 
========================================================================
Received Import Request.
  Time since last request: 0.000014 seconds.
  path: Packages/com.unity.collab-proxy/Editor/PlasticSCM/Assets/Images/d_iconplasticviewnotify@2x.png
  artifactKey: Guid(64eb0648ca0d11944a9517d8662508fd) Importer(815301076,1909f56bfc062723c751e8b465ee728b)
Start importing Packages/com.unity.collab-proxy/Editor/PlasticSCM/Assets/Images/d_iconplasticviewnotify@2x.png using Guid(64eb0648ca0d11944a9517d8662508fd) Importer(815301076,1909f56bfc062723c751e8b465ee728b)  -> (artifact id: '46353538cb84554ba4f4cb82f5c6504c') in 0.012941 seconds 
========================================================================
Received Import Request.
  Time since last request: 0.000013 seconds.
  path: Packages/com.unity.collab-proxy/Editor/PlasticSCM/Assets/Images/d_iconplasticview@2x.png
  artifactKey: Guid(3168140d6f409d0448447f18568d9482) Importer(815301076,1909f56bfc062723c751e8b465ee728b)
Start importing Packages/com.unity.collab-proxy/Editor/PlasticSCM/Assets/Images/d_iconplasticview@2x.png using Guid(3168140d6f409d0448447f18568d9482) Importer(815301076,1909f56bfc062723c751e8b465ee728b)  -> (artifact id: '31e004426874bcc2621330edcad06925') in 0.013746 seconds 
========================================================================
Received Import Request.
  Time since last request: 0.000013 seconds.
  path: Packages/com.unity.collab-proxy/Editor/PlasticSCM/Assets/Images/d_icondeletedremote.png
  artifactKey: Guid(23e66f7264c74424889342127f229577) Importer(815301076,1909f56bfc062723c751e8b465ee728b)
Start importing Packages/com.unity.collab-proxy/Editor/PlasticSCM/Assets/Images/d_icondeletedremote.png using Guid(23e66f7264c74424889342127f229577) Importer(815301076,1909f56bfc062723c751e8b465ee728b)  -> (artifact id: '71049f35f80c2956654b0829da41edf0') in 0.018305 seconds 
========================================================================
Received Import Request.
  Time since last request: 0.000018 seconds.
  path: Packages/com.unity.collab-proxy/Editor/PlasticSCM/Assets/Images/d_iconemptygravatar@2x.png
  artifactKey: Guid(0ac55f9f886d827408c102bdf33c5ff7) Importer(815301076,1909f56bfc062723c751e8b465ee728b)
Start importing Packages/com.unity.collab-proxy/Editor/PlasticSCM/Assets/Images/d_iconemptygravatar@2x.png using Guid(0ac55f9f886d827408c102bdf33c5ff7) Importer(815301076,1909f56bfc062723c751e8b465ee728b)  -> (artifact id: '165a394b2000a7d332bd37d553855cf5') in 0.020356 seconds 
========================================================================
Received Import Request.
  Time since last request: 0.000017 seconds.
  path: Packages/com.unity.collab-proxy/Editor/PlasticSCM/Assets/Images/d_ignoredoverlay.png
  artifactKey: Guid(0f5597de928ba6547895c4cdb9fa4185) Importer(815301076,1909f56bfc062723c751e8b465ee728b)
Start importing Packages/com.unity.collab-proxy/Editor/PlasticSCM/Assets/Images/d_ignoredoverlay.png using Guid(0f5597de928ba6547895c4cdb9fa4185) Importer(815301076,1909f56bfc062723c751e8b465ee728b)  -> (artifact id: '651d79ec105d3ea6a23a90fe8d7ecc70') in 0.023654 seconds 
========================================================================
Received Import Request.
  Time since last request: 0.000017 seconds.
  path: Assets/Packages/Modern UI Pack/Textures/Icon/Navigation/Cancel.png
  artifactKey: Guid(88dca061d041a2a4596563e6a38f66c8) Importer(815301076,1909f56bfc062723c751e8b465ee728b)
Start importing Assets/Packages/Modern UI Pack/Textures/Icon/Navigation/Cancel.png using Guid(88dca061d041a2a4596563e6a38f66c8) Importer(815301076,1909f56bfc062723c751e8b465ee728b)  -> (artifact id: '703710b8736beac3fab7af3d33b6cec4') in 0.024795 seconds 
========================================================================
Received Import Request.
  Time since last request: 0.000016 seconds.
  path: Assets/Packages/Modern UI Pack/Textures/Icon/Common/Bell Filled.png
  artifactKey: Guid(5604130c3074dc3419d6f832ea194715) Importer(815301076,1909f56bfc062723c751e8b465ee728b)
Start importing Assets/Packages/Modern UI Pack/Textures/Icon/Common/Bell Filled.png using Guid(5604130c3074dc3419d6f832ea194715) Importer(815301076,1909f56bfc062723c751e8b465ee728b)  -> (artifact id: '14169aa4193fcb935d0693726f64a114') in 0.022712 seconds 
========================================================================
Received Import Request.
  Time since last request: 0.000018 seconds.
  path: Packages/com.unity.collab-proxy/Editor/PlasticSCM/Assets/Images/iconclosebutton.png
  artifactKey: Guid(13527793884104b46b7446fd7464c3ed) Importer(815301076,1909f56bfc062723c751e8b465ee728b)
Start importing Packages/com.unity.collab-proxy/Editor/PlasticSCM/Assets/Images/iconclosebutton.png using Guid(13527793884104b46b7446fd7464c3ed) Importer(815301076,1909f56bfc062723c751e8b465ee728b)  -> (artifact id: '162b1014ad665ce3e57f77cb45333b0c') in 0.022954 seconds 
========================================================================
Received Import Request.
  Time since last request: 0.000027 seconds.
  path: Packages/com.unity.collab-proxy/Editor/PlasticSCM/Assets/Images/iconplasticview.png
  artifactKey: Guid(dcb2ee37925b97e438ae244996d81a55) Importer(815301076,1909f56bfc062723c751e8b465ee728b)
Start importing Packages/com.unity.collab-proxy/Editor/PlasticSCM/Assets/Images/iconplasticview.png using Guid(dcb2ee37925b97e438ae244996d81a55) Importer(815301076,1909f56bfc062723c751e8b465ee728b)  -> (artifact id: '15b32c6acc4ede95a0923ca22ab994d2') in 0.020871 seconds 
========================================================================
Received Import Request.
  Time since last request: 0.000017 seconds.
  path: Packages/com.unity.collab-proxy/Editor/PlasticSCM/Assets/Images/d_cloudbuho.png
  artifactKey: Guid(e5600378dd761e64d9423790c482bf36) Importer(815301076,1909f56bfc062723c751e8b465ee728b)
Start importing Packages/com.unity.collab-proxy/Editor/PlasticSCM/Assets/Images/d_cloudbuho.png using Guid(e5600378dd761e64d9423790c482bf36) Importer(815301076,1909f56bfc062723c751e8b465ee728b)  -> (artifact id: '8abf222ae91efba17e44c3e9f4b0f8f8') in 0.032100 seconds 
========================================================================
Received Import Request.
  Time since last request: 0.000016 seconds.
  path: Packages/com.unity.collab-proxy/Editor/PlasticSCM/Assets/Images/d_cloudbuhochristmas.png
  artifactKey: Guid(70632ddfe8e71b04b8f90ef7e29a9e98) Importer(815301076,1909f56bfc062723c751e8b465ee728b)
Start importing Packages/com.unity.collab-proxy/Editor/PlasticSCM/Assets/Images/d_cloudbuhochristmas.png using Guid(70632ddfe8e71b04b8f90ef7e29a9e98) Importer(815301076,1909f56bfc062723c751e8b465ee728b)  -> (artifact id: 'a5ecae6995d84f01654a8b0a06678ebc') in 0.023957 seconds 
========================================================================
Received Import Request.
  Time since last request: 0.000020 seconds.
  path: Assets/Packages/Modern UI Pack/Textures/Icon/Media/Camera.png
  artifactKey: Guid(029e049b7b633af4089920f10dbf69d9) Importer(815301076,1909f56bfc062723c751e8b465ee728b)
Start importing Assets/Packages/Modern UI Pack/Textures/Icon/Media/Camera.png using Guid(029e049b7b633af4089920f10dbf69d9) Importer(815301076,1909f56bfc062723c751e8b465ee728b)  -> (artifact id: '585e47b1a182b84c771568732b622434') in 0.016785 seconds 
========================================================================
Received Import Request.
  Time since last request: 0.000016 seconds.
  path: Packages/com.unity.collab-proxy/Editor/PlasticSCM/Assets/Images/iconconflicted.png
  artifactKey: Guid(d1c88f142eee55b4eb2b2cfd7b3624ce) Importer(815301076,1909f56bfc062723c751e8b465ee728b)
Start importing Packages/com.unity.collab-proxy/Editor/PlasticSCM/Assets/Images/iconconflicted.png using Guid(d1c88f142eee55b4eb2b2cfd7b3624ce) Importer(815301076,1909f56bfc062723c751e8b465ee728b)  -> (artifact id: 'e2df0be4849a27a9bb728120b52ac9e9') in 0.017506 seconds 
========================================================================
Received Import Request.
  Time since last request: 0.000017 seconds.
  path: Assets/Packages/Modern UI Pack/Textures/Icon/Others/Animation Icon Stuff/Lock Top.png
  artifactKey: Guid(5a63e931255ab3043a9aec2a315b323f) Importer(815301076,1909f56bfc062723c751e8b465ee728b)
Start importing Assets/Packages/Modern UI Pack/Textures/Icon/Others/Animation Icon Stuff/Lock Top.png using Guid(5a63e931255ab3043a9aec2a315b323f) Importer(815301076,1909f56bfc062723c751e8b465ee728b)  -> (artifact id: 'e836b1d59776bb45df32e11725d2e15e') in 0.020386 seconds 
========================================================================
Received Import Request.
  Time since last request: 0.000013 seconds.
  path: Assets/Packages/Modern UI Pack/Textures/Icon/Navigation/Arrow.png
  artifactKey: Guid(8a9605cca7152fc4bbef9451d4171c96) Importer(815301076,1909f56bfc062723c751e8b465ee728b)
Start importing Assets/Packages/Modern UI Pack/Textures/Icon/Navigation/Arrow.png using Guid(8a9605cca7152fc4bbef9451d4171c96) Importer(815301076,1909f56bfc062723c751e8b465ee728b)  -> (artifact id: '116c911c0652f745ce46a104835fd9ab') in 0.022228 seconds 
========================================================================
Received Import Request.
  Time since last request: 0.000016 seconds.
  path: Packages/com.unity.collab-proxy/Editor/PlasticSCM/Assets/Images/d_icondeletedremoteoverlay@2x.png
  artifactKey: Guid(2cfbf6619eb047545a425e8a31732c83) Importer(815301076,1909f56bfc062723c751e8b465ee728b)
Start importing Packages/com.unity.collab-proxy/Editor/PlasticSCM/Assets/Images/d_icondeletedremoteoverlay@2x.png using Guid(2cfbf6619eb047545a425e8a31732c83) Importer(815301076,1909f56bfc062723c751e8b465ee728b)  -> (artifact id: 'b96b594d32f048e3f0b5648d6a3b4448') in 0.021081 seconds 
========================================================================
Received Import Request.
  Time since last request: 0.000017 seconds.
  path: Packages/com.unity.collab-proxy/Editor/PlasticSCM/Assets/Images/iconplasticviewnotify@2x.png
  artifactKey: Guid(0a4da12ff51bd83498216f698c7f20fa) Importer(815301076,1909f56bfc062723c751e8b465ee728b)
Start importing Packages/com.unity.collab-proxy/Editor/PlasticSCM/Assets/Images/iconplasticviewnotify@2x.png using Guid(0a4da12ff51bd83498216f698c7f20fa) Importer(815301076,1909f56bfc062723c751e8b465ee728b)  -> (artifact id: '60509e110336c2fe51b1fe674d2617eb') in 0.021174 seconds 
========================================================================
Received Import Request.
  Time since last request: 0.000023 seconds.
  path: Assets/Packages/Modern UI Pack/Textures/Icon/Common/Folder.png
  artifactKey: Guid(03e3778d7fcbf9243a5787a6adac408f) Importer(815301076,1909f56bfc062723c751e8b465ee728b)
Start importing Assets/Packages/Modern UI Pack/Textures/Icon/Common/Folder.png using Guid(03e3778d7fcbf9243a5787a6adac408f) Importer(815301076,1909f56bfc062723c751e8b465ee728b)  -> (artifact id: '519ac67d4cd84b6bd9baae28bd3bae8e') in 0.023019 seconds 
========================================================================
Received Import Request.
  Time since last request: 0.000013 seconds.
  path: Packages/com.unity.collab-proxy/Editor/PlasticSCM/Assets/Images/iconprivateoverlay@2x.png
  artifactKey: Guid(40685941c1361aa4a957b61174bce3f6) Importer(815301076,1909f56bfc062723c751e8b465ee728b)
Start importing Packages/com.unity.collab-proxy/Editor/PlasticSCM/Assets/Images/iconprivateoverlay@2x.png using Guid(40685941c1361aa4a957b61174bce3f6) Importer(815301076,1909f56bfc062723c751e8b465ee728b)  -> (artifact id: '1479b7ddd65c8f79a4d10abe34e9c312') in 0.020313 seconds 
========================================================================
Received Import Request.
  Time since last request: 0.000016 seconds.
  path: Assets/Packages/Modern UI Pack/Textures/Icon/Common/Lock Open.png
  artifactKey: Guid(419159ae31cba984092b4c00d435a048) Importer(815301076,1909f56bfc062723c751e8b465ee728b)
Start importing Assets/Packages/Modern UI Pack/Textures/Icon/Common/Lock Open.png using Guid(419159ae31cba984092b4c00d435a048) Importer(815301076,1909f56bfc062723c751e8b465ee728b)  -> (artifact id: '2eb9d057a32000b37332f5d3e4c48560') in 0.020703 seconds 
========================================================================
Received Import Request.
  Time since last request: 0.000019 seconds.
  path: Packages/com.unity.collab-proxy/Editor/PlasticSCM/Assets/Images/buttonssosigningoogle.png
  artifactKey: Guid(f09eae8c0ea04254b90c5386a034a225) Importer(815301076,1909f56bfc062723c751e8b465ee728b)
Start importing Packages/com.unity.collab-proxy/Editor/PlasticSCM/Assets/Images/buttonssosigningoogle.png using Guid(f09eae8c0ea04254b90c5386a034a225) Importer(815301076,1909f56bfc062723c751e8b465ee728b)  -> (artifact id: 'dc029fd442f150c2a6f3d843407686c7') in 0.031874 seconds 
========================================================================
Received Import Request.
  Time since last request: 0.518415 seconds.
  path: Assets/Packages/Modern UI Pack/Textures/Icon/Navigation/Check Bold.png
  artifactKey: Guid(5d08ed2465c5c104c9c915959d69b527) Importer(815301076,1909f56bfc062723c751e8b465ee728b)
Start importing Assets/Packages/Modern UI Pack/Textures/Icon/Navigation/Check Bold.png using Guid(5d08ed2465c5c104c9c915959d69b527) Importer(815301076,1909f56bfc062723c751e8b465ee728b)  -> (artifact id: '7c5df3d419b9f1c04001fec1c6b3e0ca') in 0.022479 seconds 
========================================================================
Received Import Request.
  Time since last request: 0.000016 seconds.
  path: Assets/Packages/Modern UI Pack/Textures/Icon/Web & Cloud/Cloud Download.png
  artifactKey: Guid(1ea85de2838985240b3462e0391af06e) Importer(815301076,1909f56bfc062723c751e8b465ee728b)
Start importing Assets/Packages/Modern UI Pack/Textures/Icon/Web & Cloud/Cloud Download.png using Guid(1ea85de2838985240b3462e0391af06e) Importer(815301076,1909f56bfc062723c751e8b465ee728b)  -> (artifact id: 'c0d234a2eb2720ff2a73fdad89e0d130') in 0.021603 seconds 
========================================================================
Received Import Request.
  Time since last request: 0.029595 seconds.
  path: Packages/com.unity.collab-proxy/Editor/PlasticSCM/Assets/Images/d_colorbuhoshe.png
  artifactKey: Guid(a04ecc9d5e12d5d449077414eb86635e) Importer(815301076,1909f56bfc062723c751e8b465ee728b)
Start importing Packages/com.unity.collab-proxy/Editor/PlasticSCM/Assets/Images/d_colorbuhoshe.png using Guid(a04ecc9d5e12d5d449077414eb86635e) Importer(815301076,1909f56bfc062723c751e8b465ee728b)  -> (artifact id: '9baf2b415eb8f8e21b7b1e8690fadd5c') in 0.018377 seconds 
========================================================================
Received Import Request.
  Time since last request: 0.009785 seconds.
  path: Packages/com.unity.collab-proxy/Editor/PlasticSCM/Assets/Images/d_expertbuhochristmas.png
  artifactKey: Guid(c887ed2a931c29040bc544cd8c546e9f) Importer(815301076,1909f56bfc062723c751e8b465ee728b)
Start importing Packages/com.unity.collab-proxy/Editor/PlasticSCM/Assets/Images/d_expertbuhochristmas.png using Guid(c887ed2a931c29040bc544cd8c546e9f) Importer(815301076,1909f56bfc062723c751e8b465ee728b)  -> (artifact id: 'd67d4055c2228b7ecf959f354cb9a9a0') in 0.024988 seconds 
========================================================================
Received Import Request.
  Time since last request: 0.000015 seconds.
  path: Packages/com.unity.collab-proxy/Editor/PlasticSCM/Assets/Images/d_genericbuho1.png
  artifactKey: Guid(43ad51e043491b94d8f6c62d55ac5ede) Importer(815301076,1909f56bfc062723c751e8b465ee728b)
Start importing Packages/com.unity.collab-proxy/Editor/PlasticSCM/Assets/Images/d_genericbuho1.png using Guid(43ad51e043491b94d8f6c62d55ac5ede) Importer(815301076,1909f56bfc062723c751e8b465ee728b)  -> (artifact id: '8829271682f9a232278f73ae41f41ba5') in 0.022089 seconds 
========================================================================
Received Import Request.
  Time since last request: 0.413934 seconds.
  path: Packages/com.unity.collab-proxy/Editor/PlasticSCM/Assets/Images/d_genericbuhochristmas2.png
  artifactKey: Guid(5955491dc8dcecb4a993d9a008cf65a7) Importer(815301076,1909f56bfc062723c751e8b465ee728b)
Start importing Packages/com.unity.collab-proxy/Editor/PlasticSCM/Assets/Images/d_genericbuhochristmas2.png using Guid(5955491dc8dcecb4a993d9a008cf65a7) Importer(815301076,1909f56bfc062723c751e8b465ee728b)  -> (artifact id: '42e5956ae767ce4c4a0f1c3153353995') in 0.017385 seconds 
========================================================================
Received Import Request.
  Time since last request: 0.000021 seconds.
  path: Packages/com.unity.collab-proxy/Editor/PlasticSCM/Assets/Images/d_genericbuhochristmas3.png
  artifactKey: Guid(6fac4e39926fd9c4ca2ba4416160a857) Importer(815301076,1909f56bfc062723c751e8b465ee728b)
Start importing Packages/com.unity.collab-proxy/Editor/PlasticSCM/Assets/Images/d_genericbuhochristmas3.png using Guid(6fac4e39926fd9c4ca2ba4416160a857) Importer(815301076,1909f56bfc062723c751e8b465ee728b)  -> (artifact id: '6bb9b252b86bf66d4c4d3dc204d6da57') in 0.023011 seconds 
========================================================================
Received Import Request.
  Time since last request: 0.000028 seconds.
  path: Packages/com.unity.collab-proxy/Editor/PlasticSCM/Assets/Images/d_genericbuhoshechristmas2.png
  artifactKey: Guid(7fd3cda14282bb7429b8eeb6c121e5bb) Importer(815301076,1909f56bfc062723c751e8b465ee728b)
Start importing Packages/com.unity.collab-proxy/Editor/PlasticSCM/Assets/Images/d_genericbuhoshechristmas2.png using Guid(7fd3cda14282bb7429b8eeb6c121e5bb) Importer(815301076,1909f56bfc062723c751e8b465ee728b)  -> (artifact id: 'ad2703b73553776ce676b6abee6052a2') in 0.026132 seconds 
========================================================================
Received Import Request.
  Time since last request: 0.000037 seconds.
  path: Packages/com.unity.collab-proxy/Editor/PlasticSCM/Assets/Images/d_iconaddedoverlay@2x.png
  artifactKey: Guid(a6fbd5a181bc51e42a61a73fe8d727c8) Importer(815301076,1909f56bfc062723c751e8b465ee728b)
Start importing Packages/com.unity.collab-proxy/Editor/PlasticSCM/Assets/Images/d_iconaddedoverlay@2x.png using Guid(a6fbd5a181bc51e42a61a73fe8d727c8) Importer(815301076,1909f56bfc062723c751e8b465ee728b)  -> (artifact id: '3be01ee9151fc3d6d2b9b2cd6a9fb66d') in 0.018782 seconds 
========================================================================
Received Import Request.
  Time since last request: 0.000030 seconds.
  path: Packages/com.unity.collab-proxy/Editor/PlasticSCM/Assets/Images/d_genericbuhoshe3.png
  artifactKey: Guid(9bb60d9b0987c3747b57516cc172d0c7) Importer(815301076,1909f56bfc062723c751e8b465ee728b)
Start importing Packages/com.unity.collab-proxy/Editor/PlasticSCM/Assets/Images/d_genericbuhoshe3.png using Guid(9bb60d9b0987c3747b57516cc172d0c7) Importer(815301076,1909f56bfc062723c751e8b465ee728b)  -> (artifact id: '33a79aa598ec7ae9b77334288d6b5203') in 0.026854 seconds 
========================================================================
Received Import Request.
  Time since last request: 0.000014 seconds.
  path: Packages/com.unity.collab-proxy/Editor/PlasticSCM/Assets/Images/d_iconcheckedoutlocaloverlay@2x.png
  artifactKey: Guid(8d98ab6168c3e91439339f1908b8fe97) Importer(815301076,1909f56bfc062723c751e8b465ee728b)
Start importing Packages/com.unity.collab-proxy/Editor/PlasticSCM/Assets/Images/d_iconcheckedoutlocaloverlay@2x.png using Guid(8d98ab6168c3e91439339f1908b8fe97) Importer(815301076,1909f56bfc062723c751e8b465ee728b)  -> (artifact id: '6ae14af0514cce309fa154835298a4b2') in 0.020959 seconds 
========================================================================
Received Import Request.
  Time since last request: 0.227941 seconds.
  path: Packages/com.unity.collab-proxy/Editor/PlasticSCM/Assets/Images/d_iconconflictedoverlay.png
  artifactKey: Guid(a892bcc7ae1871447926b3c44d158763) Importer(815301076,1909f56bfc062723c751e8b465ee728b)
Start importing Packages/com.unity.collab-proxy/Editor/PlasticSCM/Assets/Images/d_iconconflictedoverlay.png using Guid(a892bcc7ae1871447926b3c44d158763) Importer(815301076,1909f56bfc062723c751e8b465ee728b)  -> (artifact id: 'c04707d15cb50a13d82b9fbef6b5d3fc') in 0.021913 seconds 
========================================================================
Received Import Request.
  Time since last request: 0.061492 seconds.
  path: Packages/com.unity.collab-proxy/Editor/PlasticSCM/Assets/Images/d_iconoutofsync.png
  artifactKey: Guid(0e80bd0b4a8196f46acf73711b9505ec) Importer(815301076,1909f56bfc062723c751e8b465ee728b)
Start importing Packages/com.unity.collab-proxy/Editor/PlasticSCM/Assets/Images/d_iconoutofsync.png using Guid(0e80bd0b4a8196f46acf73711b9505ec) Importer(815301076,1909f56bfc062723c751e8b465ee728b)  -> (artifact id: '0a52ed8f0f02a35973cc7b6edea09365') in 0.020888 seconds 
========================================================================
Received Import Request.
  Time since last request: 0.000016 seconds.
  path: Packages/com.unity.collab-proxy/Editor/PlasticSCM/Assets/Images/d_iconoutofsyncoverlay@2x.png
  artifactKey: Guid(4d7e6e570e9d65a4c9a994783a0652e2) Importer(815301076,1909f56bfc062723c751e8b465ee728b)
Start importing Packages/com.unity.collab-proxy/Editor/PlasticSCM/Assets/Images/d_iconoutofsyncoverlay@2x.png using Guid(4d7e6e570e9d65a4c9a994783a0652e2) Importer(815301076,1909f56bfc062723c751e8b465ee728b)  -> (artifact id: '0afc0fc5aa40fce617d35955ea820ba8') in 0.023524 seconds 
========================================================================
Received Import Request.
  Time since last request: 0.000016 seconds.
  path: Packages/com.unity.collab-proxy/Editor/PlasticSCM/Assets/Images/d_iconplasticnotifyincoming@2x.png
  artifactKey: Guid(c5fc116b3271b5947808130b2212cd60) Importer(815301076,1909f56bfc062723c751e8b465ee728b)
Start importing Packages/com.unity.collab-proxy/Editor/PlasticSCM/Assets/Images/d_iconplasticnotifyincoming@2x.png using Guid(c5fc116b3271b5947808130b2212cd60) Importer(815301076,1909f56bfc062723c751e8b465ee728b)  -> (artifact id: '353183d512baddc94cdf31a6b0af1f1a') in 0.021396 seconds 
========================================================================
Received Import Request.
  Time since last request: 0.000024 seconds.
  path: Packages/com.unity.collab-proxy/Editor/PlasticSCM/Assets/Images/d_iconplasticview.png
  artifactKey: Guid(519d97e745e55f041b609f3666cbc037) Importer(815301076,1909f56bfc062723c751e8b465ee728b)
Start importing Packages/com.unity.collab-proxy/Editor/PlasticSCM/Assets/Images/d_iconplasticview.png using Guid(519d97e745e55f041b609f3666cbc037) Importer(815301076,1909f56bfc062723c751e8b465ee728b)  -> (artifact id: '03f2447b91ef42bd62b36b7962b8ec85') in 0.022517 seconds 
========================================================================
Received Import Request.
  Time since last request: 0.134164 seconds.
  path: Packages/com.unity.collab-proxy/Editor/PlasticSCM/Assets/Images/d_secondarytabclose.png
  artifactKey: Guid(6975ee4c1f40caf4da8dd733ee2cfeaf) Importer(815301076,1909f56bfc062723c751e8b465ee728b)
Start importing Packages/com.unity.collab-proxy/Editor/PlasticSCM/Assets/Images/d_secondarytabclose.png using Guid(6975ee4c1f40caf4da8dd733ee2cfeaf) Importer(815301076,1909f56bfc062723c751e8b465ee728b)  -> (artifact id: '6c3c41865571c3fe6de5ae612a5c7539') in 0.011716 seconds 
========================================================================
Received Import Request.
  Time since last request: 0.000014 seconds.
  path: Packages/com.unity.collab-proxy/Editor/PlasticSCM/Assets/Images/d_secondarytabclosehover@2x.png
  artifactKey: Guid(9aa4348290784b2468144a97eb15d8d7) Importer(815301076,1909f56bfc062723c751e8b465ee728b)
Start importing Packages/com.unity.collab-proxy/Editor/PlasticSCM/Assets/Images/d_secondarytabclosehover@2x.png using Guid(9aa4348290784b2468144a97eb15d8d7) Importer(815301076,1909f56bfc062723c751e8b465ee728b)  -> (artifact id: '06bcfa0f93f4cfb512b0a2694b57d129') in 0.019992 seconds 
========================================================================
Received Import Request.
  Time since last request: 0.112797 seconds.
  path: Packages/com.unity.collab-proxy/Editor/PlasticSCM/Assets/Images/d_step3@2x.png
  artifactKey: Guid(c9ed6d6ea2f9657409bfa068d4846139) Importer(815301076,1909f56bfc062723c751e8b465ee728b)
Start importing Packages/com.unity.collab-proxy/Editor/PlasticSCM/Assets/Images/d_step3@2x.png using Guid(c9ed6d6ea2f9657409bfa068d4846139) Importer(815301076,1909f56bfc062723c751e8b465ee728b)  -> (artifact id: 'b34d104d05003380254f52669093cb27') in 0.011357 seconds 
========================================================================
Received Import Request.
  Time since last request: 0.051372 seconds.
  path: Packages/com.unity.collab-proxy/Editor/PlasticSCM/Assets/Images/d_stevejobsbuhochristmas.png
  artifactKey: Guid(08c91a7677e66844281a99aaf6ea36f1) Importer(815301076,1909f56bfc062723c751e8b465ee728b)
Start importing Packages/com.unity.collab-proxy/Editor/PlasticSCM/Assets/Images/d_stevejobsbuhochristmas.png using Guid(08c91a7677e66844281a99aaf6ea36f1) Importer(815301076,1909f56bfc062723c751e8b465ee728b)  -> (artifact id: '92321feda33302307f00e0067e6714c8') in 0.038317 seconds 
========================================================================
Received Import Request.
  Time since last request: 0.000021 seconds.
  path: Assets/Packages/Modern UI Pack/Textures/Demo/Icons/Dropdown.png
  artifactKey: Guid(772e0ee950fc3a149aa9bdef2604fe44) Importer(815301076,1909f56bfc062723c751e8b465ee728b)
Start importing Assets/Packages/Modern UI Pack/Textures/Demo/Icons/Dropdown.png using Guid(772e0ee950fc3a149aa9bdef2604fe44) Importer(815301076,1909f56bfc062723c751e8b465ee728b)  -> (artifact id: '44c6adf82eec1a8a4942f179cdf66bee') in 0.011651 seconds 
========================================================================
Received Import Request.
  Time since last request: 0.000030 seconds.
  path: Packages/com.unity.collab-proxy/Editor/PlasticSCM/Assets/Images/d_stevejobsbuhoshe.png
  artifactKey: Guid(56e456ab0f7f79a4dbabcc9079c49a94) Importer(815301076,1909f56bfc062723c751e8b465ee728b)
Start importing Packages/com.unity.collab-proxy/Editor/PlasticSCM/Assets/Images/d_stevejobsbuhoshe.png using Guid(56e456ab0f7f79a4dbabcc9079c49a94) Importer(815301076,1909f56bfc062723c751e8b465ee728b)  -> (artifact id: '8fb0ee6b491c8a3c3c600fa454c5f90a') in 0.016698 seconds 
========================================================================
Received Import Request.
  Time since last request: 0.000015 seconds.
  path: Packages/com.unity.collab-proxy/Editor/PlasticSCM/Assets/Images/iconaddedlocal@2x.png
  artifactKey: Guid(a67b58d6cddcd4345b1e001340de5a76) Importer(815301076,1909f56bfc062723c751e8b465ee728b)
Start importing Packages/com.unity.collab-proxy/Editor/PlasticSCM/Assets/Images/iconaddedlocal@2x.png using Guid(a67b58d6cddcd4345b1e001340de5a76) Importer(815301076,1909f56bfc062723c751e8b465ee728b)  -> (artifact id: 'f80dbbf2c5defcc971161095cf518985') in 0.019031 seconds 
========================================================================
Received Import Request.
  Time since last request: 0.000017 seconds.
  path: Assets/Packages/Modern UI Pack/Textures/Demo/Icons/Icon Filled.png
  artifactKey: Guid(92ef58e83a444d545be5f019f157b891) Importer(815301076,1909f56bfc062723c751e8b465ee728b)
Start importing Assets/Packages/Modern UI Pack/Textures/Demo/Icons/Icon Filled.png using Guid(92ef58e83a444d545be5f019f157b891) Importer(815301076,1909f56bfc062723c751e8b465ee728b)  -> (artifact id: 'b8d8b62ad45919fc08e68a671c4c2e63') in 0.014041 seconds 
========================================================================
Received Import Request.
  Time since last request: 0.000016 seconds.
  path: Assets/Packages/Modern UI Pack/Textures/Shadow/Horizontal Shadow.png
  artifactKey: Guid(390f1c7c5c2f9714d8458c01651acdcf) Importer(815301076,1909f56bfc062723c751e8b465ee728b)
Start importing Assets/Packages/Modern UI Pack/Textures/Shadow/Horizontal Shadow.png using Guid(390f1c7c5c2f9714d8458c01651acdcf) Importer(815301076,1909f56bfc062723c751e8b465ee728b)  -> (artifact id: '6754142e129913b5e5bd817dcededa21') in 0.015766 seconds 
========================================================================
Received Import Request.
  Time since last request: 0.000017 seconds.
  path: Packages/com.unity.collab-proxy/Editor/PlasticSCM/Assets/Images/iconaddedlocal.png
  artifactKey: Guid(9a1ab8af8c446204e989a90f18305caf) Importer(815301076,1909f56bfc062723c751e8b465ee728b)
Start importing Packages/com.unity.collab-proxy/Editor/PlasticSCM/Assets/Images/iconaddedlocal.png using Guid(9a1ab8af8c446204e989a90f18305caf) Importer(815301076,1909f56bfc062723c751e8b465ee728b)  -> (artifact id: '869cbcadf8617d09ff75b932f0d12d46') in 0.021173 seconds 
========================================================================
Received Import Request.
  Time since last request: 0.000016 seconds.
  path: Packages/com.unity.collab-proxy/Editor/PlasticSCM/Assets/Images/iconmoved.png
  artifactKey: Guid(8a6cca56e2b63344eb4769cd92d93ffb) Importer(815301076,1909f56bfc062723c751e8b465ee728b)
Start importing Packages/com.unity.collab-proxy/Editor/PlasticSCM/Assets/Images/iconmoved.png using Guid(8a6cca56e2b63344eb4769cd92d93ffb) Importer(815301076,1909f56bfc062723c751e8b465ee728b)  -> (artifact id: 'f7c6aafbce01ae15b148251db11e9397') in 0.022703 seconds 
========================================================================
Received Import Request.
  Time since last request: 0.000014 seconds.
  path: Packages/com.unity.collab-proxy/Editor/PlasticSCM/Assets/Images/iconlockedlocaloverlay@2x.png
  artifactKey: Guid(b528c1b33a65cf94ea74f830b54c9acb) Importer(815301076,1909f56bfc062723c751e8b465ee728b)
Start importing Packages/com.unity.collab-proxy/Editor/PlasticSCM/Assets/Images/iconlockedlocaloverlay@2x.png using Guid(b528c1b33a65cf94ea74f830b54c9acb) Importer(815301076,1909f56bfc062723c751e8b465ee728b)  -> (artifact id: 'ac328dcb6e6740c89c0926f49499fca5') in 0.020316 seconds 
========================================================================
Received Import Request.
  Time since last request: 0.000017 seconds.
  path: Packages/com.unity.collab-proxy/Editor/PlasticSCM/Assets/Images/iconoutofsyncoverlay@2x.png
  artifactKey: Guid(3728580c149181a44b359e89f6edacae) Importer(815301076,1909f56bfc062723c751e8b465ee728b)
Start importing Packages/com.unity.collab-proxy/Editor/PlasticSCM/Assets/Images/iconoutofsyncoverlay@2x.png using Guid(3728580c149181a44b359e89f6edacae) Importer(815301076,1909f56bfc062723c751e8b465ee728b)  -> (artifact id: 'a144c1f36d92d14214067d902e12d646') in 0.011533 seconds 
========================================================================
Received Import Request.
  Time since last request: 0.000012 seconds.
  path: Packages/com.unity.collab-proxy/Editor/PlasticSCM/Assets/Images/icondeletedlocaloverlay@2x.png
  artifactKey: Guid(a3e491f99ea3ad74f8731ca93e84c497) Importer(815301076,1909f56bfc062723c751e8b465ee728b)
Start importing Packages/com.unity.collab-proxy/Editor/PlasticSCM/Assets/Images/icondeletedlocaloverlay@2x.png using Guid(a3e491f99ea3ad74f8731ca93e84c497) Importer(815301076,1909f56bfc062723c751e8b465ee728b)  -> (artifact id: 'bfac614287b90c75195bd43f91cd7714') in 0.012855 seconds 
========================================================================
Received Import Request.
  Time since last request: 0.000013 seconds.
  path: Packages/com.unity.collab-proxy/Editor/PlasticSCM/Assets/Images/iconoutofsync@2x.png
  artifactKey: Guid(d7094718bdac022428dd29244922d06b) Importer(815301076,1909f56bfc062723c751e8b465ee728b)
Start importing Packages/com.unity.collab-proxy/Editor/PlasticSCM/Assets/Images/iconoutofsync@2x.png using Guid(d7094718bdac022428dd29244922d06b) Importer(815301076,1909f56bfc062723c751e8b465ee728b)  -> (artifact id: '7719c49b7e46a1f6f49c9dcb78ad1a17') in 0.022333 seconds 
========================================================================
Received Import Request.
  Time since last request: 0.000015 seconds.
  path: Packages/com.unity.collab-proxy/Editor/PlasticSCM/Assets/Images/iconemptygravatar@2x.png
  artifactKey: Guid(da545229eea36164d8b8cba2f75a1143) Importer(815301076,1909f56bfc062723c751e8b465ee728b)
Start importing Packages/com.unity.collab-proxy/Editor/PlasticSCM/Assets/Images/iconemptygravatar@2x.png using Guid(da545229eea36164d8b8cba2f75a1143) Importer(815301076,1909f56bfc062723c751e8b465ee728b)  -> (artifact id: '3a865728b8bdf438d784217b263eb9e3') in 0.020598 seconds 
========================================================================
Received Import Request.
  Time since last request: 0.407797 seconds.
  path: Packages/com.unity.collab-proxy/Editor/PlasticSCM/Assets/Images/ignored.png
  artifactKey: Guid(595bc97bc8e1e0b46bd4c2148ba3723a) Importer(815301076,1909f56bfc062723c751e8b465ee728b)
Start importing Packages/com.unity.collab-proxy/Editor/PlasticSCM/Assets/Images/ignored.png using Guid(595bc97bc8e1e0b46bd4c2148ba3723a) Importer(815301076,1909f56bfc062723c751e8b465ee728b)  -> (artifact id: '79e73ad8d39b466fc75dbb7a0df4272b') in 0.021352 seconds 
========================================================================
Received Import Request.
  Time since last request: 0.000017 seconds.
  path: Assets/Packages/Modern UI Pack/Textures/Demo/Icons/Input Field.png
  artifactKey: Guid(d52fb1ddf8c4ae148b539f04e9e1da65) Importer(815301076,1909f56bfc062723c751e8b465ee728b)
Start importing Assets/Packages/Modern UI Pack/Textures/Demo/Icons/Input Field.png using Guid(d52fb1ddf8c4ae148b539f04e9e1da65) Importer(815301076,1909f56bfc062723c751e8b465ee728b)  -> (artifact id: '52a08004ba314317b8439b80c9389fa0') in 0.021921 seconds 
========================================================================
Received Import Request.
  Time since last request: 0.000027 seconds.
  path: Assets/Packages/Modern UI Pack/Textures/Icon/Common/Lamp.png
  artifactKey: Guid(6ca804909faea644aa355ec5c5a9e1ba) Importer(815301076,1909f56bfc062723c751e8b465ee728b)
Start importing Assets/Packages/Modern UI Pack/Textures/Icon/Common/Lamp.png using Guid(6ca804909faea644aa355ec5c5a9e1ba) Importer(815301076,1909f56bfc062723c751e8b465ee728b)  -> (artifact id: 'caab4251336f2469a6ae898b966edb37') in 0.020032 seconds 
========================================================================
Received Import Request.
  Time since last request: 0.000015 seconds.
  path: Packages/com.unity.collab-proxy/Editor/PlasticSCM/Assets/Images/ignoredoverlay@2x.png
  artifactKey: Guid(999d04c0ea94ccc41b3d80788160695b) Importer(815301076,1909f56bfc062723c751e8b465ee728b)
Start importing Packages/com.unity.collab-proxy/Editor/PlasticSCM/Assets/Images/ignoredoverlay@2x.png using Guid(999d04c0ea94ccc41b3d80788160695b) Importer(815301076,1909f56bfc062723c751e8b465ee728b)  -> (artifact id: '3d6013e78cdef3e55111ad321fd1a256') in 0.010606 seconds 
========================================================================
Received Import Request.
  Time since last request: 0.444968 seconds.
  path: Assets/Packages/Modern UI Pack/Textures/Demo/Icons/Modal Window.png
  artifactKey: Guid(09ea67856d663aa4cbe647f4ffec2959) Importer(815301076,1909f56bfc062723c751e8b465ee728b)
Start importing Assets/Packages/Modern UI Pack/Textures/Demo/Icons/Modal Window.png using Guid(09ea67856d663aa4cbe647f4ffec2959) Importer(815301076,1909f56bfc062723c751e8b465ee728b)  -> (artifact id: 'df126967a915264bb71a587118b0bd9f') in 0.024817 seconds 
========================================================================
Received Import Request.
  Time since last request: 0.000015 seconds.
  path: Assets/Packages/Modern UI Pack/Textures/Demo/Icons/Modal Window Filled.png
  artifactKey: Guid(3603e158dd7d30c4a8592378c7b346ac) Importer(815301076,1909f56bfc062723c751e8b465ee728b)
Start importing Assets/Packages/Modern UI Pack/Textures/Demo/Icons/Modal Window Filled.png using Guid(3603e158dd7d30c4a8592378c7b346ac) Importer(815301076,1909f56bfc062723c751e8b465ee728b)  -> (artifact id: '40ac87025d76794bb589c678194292b7') in 0.020277 seconds 
========================================================================
Received Import Request.
  Time since last request: 5.600635 seconds.
  path: Assets/Packages/Modern UI Pack/Textures/Icon/Others/Animation Icon Stuff/Heart Pop.png
  artifactKey: Guid(1e1877c27e51cc24395620020cc09681) Importer(815301076,1909f56bfc062723c751e8b465ee728b)
Start importing Assets/Packages/Modern UI Pack/Textures/Icon/Others/Animation Icon Stuff/Heart Pop.png using Guid(1e1877c27e51cc24395620020cc09681) Importer(815301076,1909f56bfc062723c751e8b465ee728b)  -> (artifact id: '41d59910074cc404c50299ef5f99602f') in 0.023306 seconds 
========================================================================
Received Import Request.
  Time since last request: 0.000016 seconds.
  path: Assets/Packages/Modern UI Pack/Textures/Demo/Icons/Horizontal Selector.png
  artifactKey: Guid(b32c79cf3895ba946abf36a736cfbf23) Importer(815301076,1909f56bfc062723c751e8b465ee728b)
Start importing Assets/Packages/Modern UI Pack/Textures/Demo/Icons/Horizontal Selector.png using Guid(b32c79cf3895ba946abf36a736cfbf23) Importer(815301076,1909f56bfc062723c751e8b465ee728b)  -> (artifact id: '4a8c800e1f09b265f4715f2fcb9b9ac1') in 0.016035 seconds 
========================================================================
Received Import Request.
  Time since last request: 22.316397 seconds.
  path: Assets/Packages/Modern UI Pack/Textures/Border/Radial/64px/Radial Outline 64px - 8x.png
  artifactKey: Guid(58ab3b48dda45144499c9531012f013f) Importer(815301076,1909f56bfc062723c751e8b465ee728b)
Start importing Assets/Packages/Modern UI Pack/Textures/Border/Radial/64px/Radial Outline 64px - 8x.png using Guid(58ab3b48dda45144499c9531012f013f) Importer(815301076,1909f56bfc062723c751e8b465ee728b)  -> (artifact id: '84cef9463b1b06dea55b192c44703aee') in 0.012018 seconds 
========================================================================
Received Import Request.
  Time since last request: 0.537758 seconds.
  path: Assets/Packages/Modern UI Pack/Textures/Border/Radial/128px/Radial Outline 128px - 6x.png
  artifactKey: Guid(9bf942b0b374f684f924e157d0b4454a) Importer(815301076,1909f56bfc062723c751e8b465ee728b)
Start importing Assets/Packages/Modern UI Pack/Textures/Border/Radial/128px/Radial Outline 128px - 6x.png using Guid(9bf942b0b374f684f924e157d0b4454a) Importer(815301076,1909f56bfc062723c751e8b465ee728b)  -> (artifact id: 'b5b5cd1659b6ef64a7d7b85dc6ddb80c') in 0.011880 seconds 
========================================================================
Received Import Request.
  Time since last request: 0.403331 seconds.
  path: Assets/Packages/Modern UI Pack/Textures/Border/Radial/256px/Radial Outline 256px - 2x.png
  artifactKey: Guid(7170ea6c91de2f2408b4e840f466bfea) Importer(815301076,1909f56bfc062723c751e8b465ee728b)
Start importing Assets/Packages/Modern UI Pack/Textures/Border/Radial/256px/Radial Outline 256px - 2x.png using Guid(7170ea6c91de2f2408b4e840f466bfea) Importer(815301076,1909f56bfc062723c751e8b465ee728b)  -> (artifact id: 'ad065fed8d3144e82e41760fe25f29a9') in 0.016648 seconds 
========================================================================
Received Import Request.
  Time since last request: 0.384196 seconds.
  path: Assets/Packages/Modern UI Pack/Textures/Border/Radial/512px/Radial Outline 512px - 2x.png
  artifactKey: Guid(0ab11be59df835d4099df401d7420c44) Importer(815301076,1909f56bfc062723c751e8b465ee728b)
Start importing Assets/Packages/Modern UI Pack/Textures/Border/Radial/512px/Radial Outline 512px - 2x.png using Guid(0ab11be59df835d4099df401d7420c44) Importer(815301076,1909f56bfc062723c751e8b465ee728b)  -> (artifact id: '370d6e5805714623f785862f85b7f2c7') in 0.022511 seconds 
========================================================================
Received Import Request.
  Time since last request: 0.292403 seconds.
  path: Assets/Packages/Modern UI Pack/Textures/Border/Radial/512px/Radial Outline 512px - 8x.png
  artifactKey: Guid(ba9224cee658a854787ed5f65e5b4220) Importer(815301076,1909f56bfc062723c751e8b465ee728b)
Start importing Assets/Packages/Modern UI Pack/Textures/Border/Radial/512px/Radial Outline 512px - 8x.png using Guid(ba9224cee658a854787ed5f65e5b4220) Importer(815301076,1909f56bfc062723c751e8b465ee728b)  -> (artifact id: 'defc1db71dbc089aa6a8aa77b91b8dfe') in 0.021518 seconds 
========================================================================
Received Import Request.
  Time since last request: 0.505195 seconds.
  path: Assets/Packages/Modern UI Pack/Textures/Border/Radial/1024px/Radial Outline 1024px - 6x.png
  artifactKey: Guid(7abca72115e53cb4aae8bf1cea4027d8) Importer(815301076,1909f56bfc062723c751e8b465ee728b)
Start importing Assets/Packages/Modern UI Pack/Textures/Border/Radial/1024px/Radial Outline 1024px - 6x.png using Guid(7abca72115e53cb4aae8bf1cea4027d8) Importer(815301076,1909f56bfc062723c751e8b465ee728b)  -> (artifact id: '78446d746c010e05492a318a7a4d57d9') in 0.051596 seconds 
========================================================================
Received Import Request.
  Time since last request: 0.000015 seconds.
  path: Assets/Packages/Modern UI Pack/Textures/Border/Radial/1024px/Radial Outline 1024px - 7x.png
  artifactKey: Guid(13b9e40d365ea7e42a0053c14d5e4977) Importer(815301076,1909f56bfc062723c751e8b465ee728b)
Start importing Assets/Packages/Modern UI Pack/Textures/Border/Radial/1024px/Radial Outline 1024px - 7x.png using Guid(13b9e40d365ea7e42a0053c14d5e4977) Importer(815301076,1909f56bfc062723c751e8b465ee728b)  -> (artifact id: '87941c19c78ecd4912c6a47767ded188') in 0.056712 seconds 
========================================================================
Received Import Request.
  Time since last request: 0.887062 seconds.
  path: Packages/com.unity.collab-proxy/Editor/PlasticSCM/Assets/Images/refresh.png
  artifactKey: Guid(6f6a4c6bd7cdc654d9d91f7de72afcb6) Importer(815301076,1909f56bfc062723c751e8b465ee728b)
Start importing Packages/com.unity.collab-proxy/Editor/PlasticSCM/Assets/Images/refresh.png using Guid(6f6a4c6bd7cdc654d9d91f7de72afcb6) Importer(815301076,1909f56bfc062723c751e8b465ee728b)  -> (artifact id: 'fb2ae82f136f50c11576432da83c5317') in 0.011201 seconds 
========================================================================
Received Import Request.
  Time since last request: 0.000016 seconds.
  path: Assets/Packages/Modern UI Pack/Textures/Icon/Navigation/Refresh.png
  artifactKey: Guid(16a091c7f8ad05b4da2be8ff9b929650) Importer(815301076,1909f56bfc062723c751e8b465ee728b)
Start importing Assets/Packages/Modern UI Pack/Textures/Icon/Navigation/Refresh.png using Guid(16a091c7f8ad05b4da2be8ff9b929650) Importer(815301076,1909f56bfc062723c751e8b465ee728b)  -> (artifact id: '8b74f4d2c3cd3db24f22970f9fcfa31e') in 0.025375 seconds 
========================================================================
Received Import Request.
  Time since last request: 0.027275 seconds.
  path: Assets/Packages/Modern UI Pack/Textures/Border/Rounded/256px/Rounded Filled 256px.png
  artifactKey: Guid(5e16c7aea118d68498053518146c9cf9) Importer(815301076,1909f56bfc062723c751e8b465ee728b)
Start importing Assets/Packages/Modern UI Pack/Textures/Border/Rounded/256px/Rounded Filled 256px.png using Guid(5e16c7aea118d68498053518146c9cf9) Importer(815301076,1909f56bfc062723c751e8b465ee728b)  -> (artifact id: 'f428870e43fbf7a6a5c76ff1bbaffd91') in 0.015913 seconds 
========================================================================
Received Import Request.
  Time since last request: 0.000014 seconds.
  path: Assets/Packages/Modern UI Pack/Textures/Border/Rounded/32px/Rounded Outline 32px - 3x.png
  artifactKey: Guid(5c49ef3a1a4460b4ca3a969124efb7fa) Importer(815301076,1909f56bfc062723c751e8b465ee728b)
Start importing Assets/Packages/Modern UI Pack/Textures/Border/Rounded/32px/Rounded Outline 32px - 3x.png using Guid(5c49ef3a1a4460b4ca3a969124efb7fa) Importer(815301076,1909f56bfc062723c751e8b465ee728b)  -> (artifact id: 'd6a0533159d27ee9fa2ce2a669c95fc3') in 0.018661 seconds 
========================================================================
Received Import Request.
  Time since last request: 0.000016 seconds.
  path: Assets/Packages/Modern UI Pack/Textures/Border/Rounded/1024px/Rounded Filled 1024px.png
  artifactKey: Guid(951352f31055aae46b6e9786313c632d) Importer(815301076,1909f56bfc062723c751e8b465ee728b)
Start importing Assets/Packages/Modern UI Pack/Textures/Border/Rounded/1024px/Rounded Filled 1024px.png using Guid(951352f31055aae46b6e9786313c632d) Importer(815301076,1909f56bfc062723c751e8b465ee728b)  -> (artifact id: 'f5090ea1bf57857504d07cc2e02ffb67') in 0.053357 seconds 
========================================================================
Received Import Request.
  Time since last request: 61.657422 seconds.
  path: Assets/Packages/Modern UI Pack/Textures/Border/Rounded/32px/Rounded Outline 32px - 7x.png
  artifactKey: Guid(2ae02f309e37a7b468a607a66bbc4e6d) Importer(815301076,1909f56bfc062723c751e8b465ee728b)
Start importing Assets/Packages/Modern UI Pack/Textures/Border/Rounded/32px/Rounded Outline 32px - 7x.png using Guid(2ae02f309e37a7b468a607a66bbc4e6d) Importer(815301076,1909f56bfc062723c751e8b465ee728b)  -> (artifact id: 'a1468533d5619594423dec466fe7c47d') in 0.013325 seconds 
========================================================================
Received Import Request.
  Time since last request: 0.061355 seconds.
  path: Assets/Packages/Modern UI Pack/Textures/Border/Rounded/32px/Rounded Outline 32px - 9x.png
  artifactKey: Guid(d902ff2e3de1bd64fbab122e925ba234) Importer(815301076,1909f56bfc062723c751e8b465ee728b)
Start importing Assets/Packages/Modern UI Pack/Textures/Border/Rounded/32px/Rounded Outline 32px - 9x.png using Guid(d902ff2e3de1bd64fbab122e925ba234) Importer(815301076,1909f56bfc062723c751e8b465ee728b)  -> (artifact id: 'd07b717060df6c1a67e6a6abad7c82a2') in 0.012703 seconds 
========================================================================
Received Import Request.
  Time since last request: 1.752614 seconds.
  path: Assets/Packages/Modern UI Pack/Textures/Border/Rounded/64px/Rounded Outline 64px - 1x.png
  artifactKey: Guid(3296a71782ce9ce42a9fe71d6f86a3ef) Importer(815301076,1909f56bfc062723c751e8b465ee728b)
Start importing Assets/Packages/Modern UI Pack/Textures/Border/Rounded/64px/Rounded Outline 64px - 1x.png using Guid(3296a71782ce9ce42a9fe71d6f86a3ef) Importer(815301076,1909f56bfc062723c751e8b465ee728b)  -> (artifact id: 'e50100995da2ebca9ff1ea95d250f556') in 0.014357 seconds 
========================================================================
Received Import Request.
  Time since last request: 0.000017 seconds.
  path: Assets/Packages/Modern UI Pack/Textures/Border/Rounded/64px/Rounded Outline 64px - 2x.png
  artifactKey: Guid(04afe2bffe7002542ad7fb5dd55c6b9f) Importer(815301076,1909f56bfc062723c751e8b465ee728b)
Start importing Assets/Packages/Modern UI Pack/Textures/Border/Rounded/64px/Rounded Outline 64px - 2x.png using Guid(04afe2bffe7002542ad7fb5dd55c6b9f) Importer(815301076,1909f56bfc062723c751e8b465ee728b)  -> (artifact id: '547bb8e166cda0935873f25eeb285df9') in 0.023363 seconds 
========================================================================
Received Import Request.
  Time since last request: 0.000022 seconds.
  path: Assets/Packages/Modern UI Pack/Textures/Border/Rounded/64px/Rounded Outline 64px - 4x.png
  artifactKey: Guid(a33db688e71d21649b0437503cff43e6) Importer(815301076,1909f56bfc062723c751e8b465ee728b)
Start importing Assets/Packages/Modern UI Pack/Textures/Border/Rounded/64px/Rounded Outline 64px - 4x.png using Guid(a33db688e71d21649b0437503cff43e6) Importer(815301076,1909f56bfc062723c751e8b465ee728b)  -> (artifact id: '1d9f0697fededf303bc72eeebf457a22') in 0.027165 seconds 
========================================================================
Received Import Request.
  Time since last request: 0.000019 seconds.
  path: Assets/Packages/Modern UI Pack/Textures/Border/Rounded/128px/Rounded Outline 128px - 2x.png
  artifactKey: Guid(06dec0b1685f62c4d85c8ecce2b95366) Importer(815301076,1909f56bfc062723c751e8b465ee728b)
Start importing Assets/Packages/Modern UI Pack/Textures/Border/Rounded/128px/Rounded Outline 128px - 2x.png using Guid(06dec0b1685f62c4d85c8ecce2b95366) Importer(815301076,1909f56bfc062723c751e8b465ee728b)  -> (artifact id: '7e77450a64cc8b38a8184b1fbae44049') in 0.025512 seconds 
========================================================================
Received Import Request.
  Time since last request: 0.000015 seconds.
  path: Assets/Packages/Modern UI Pack/Textures/Border/Rounded/128px/Rounded Outline 128px - 10x.png
  artifactKey: Guid(31b0aae046fa7f442b3157da64d7a460) Importer(815301076,1909f56bfc062723c751e8b465ee728b)
Start importing Assets/Packages/Modern UI Pack/Textures/Border/Rounded/128px/Rounded Outline 128px - 10x.png using Guid(31b0aae046fa7f442b3157da64d7a460) Importer(815301076,1909f56bfc062723c751e8b465ee728b)  -> (artifact id: '30e6d2e00e097863bc9338df3c6777b6') in 0.024181 seconds 
========================================================================
Received Import Request.
  Time since last request: 0.000017 seconds.
  path: Assets/Packages/Modern UI Pack/Textures/Border/Rounded/64px/Rounded Outline 64px - 10x.png
  artifactKey: Guid(7f1ec91c56e2aa64b97ee5ef57c15122) Importer(815301076,1909f56bfc062723c751e8b465ee728b)
Start importing Assets/Packages/Modern UI Pack/Textures/Border/Rounded/64px/Rounded Outline 64px - 10x.png using Guid(7f1ec91c56e2aa64b97ee5ef57c15122) Importer(815301076,1909f56bfc062723c751e8b465ee728b)  -> (artifact id: 'b73c3b9f9f797217da332847961ae767') in 0.021227 seconds 
========================================================================
Received Import Request.
  Time since last request: 0.000021 seconds.
  path: Assets/Packages/Modern UI Pack/Textures/Border/Rounded/256px/Rounded Outline 256px - 2x.png
  artifactKey: Guid(82efc156cd7ddc444933a146a27f0052) Importer(815301076,1909f56bfc062723c751e8b465ee728b)
Start importing Assets/Packages/Modern UI Pack/Textures/Border/Rounded/256px/Rounded Outline 256px - 2x.png using Guid(82efc156cd7ddc444933a146a27f0052) Importer(815301076,1909f56bfc062723c751e8b465ee728b)  -> (artifact id: 'c3914a770b04b5d2f69a4c8fc60f2f55') in 0.028948 seconds 
========================================================================
Received Import Request.
  Time since last request: 0.000019 seconds.
  path: Assets/Packages/Modern UI Pack/Textures/Border/Rounded/64px/Rounded Outline 64px - 8x.png
  artifactKey: Guid(34584f4cba06190408f14ff6cd96f891) Importer(815301076,1909f56bfc062723c751e8b465ee728b)
Start importing Assets/Packages/Modern UI Pack/Textures/Border/Rounded/64px/Rounded Outline 64px - 8x.png using Guid(34584f4cba06190408f14ff6cd96f891) Importer(815301076,1909f56bfc062723c751e8b465ee728b)  -> (artifact id: 'f4cd9788db954b3fa95a66cc964919bc') in 0.020002 seconds 
========================================================================
Received Import Request.
  Time since last request: 0.000025 seconds.
  path: Assets/Packages/Modern UI Pack/Textures/Border/Rounded/128px/Rounded Outline 128px - 1x.png
  artifactKey: Guid(6f26b2434055f404d8d9c0b82e4de90f) Importer(815301076,1909f56bfc062723c751e8b465ee728b)
Start importing Assets/Packages/Modern UI Pack/Textures/Border/Rounded/128px/Rounded Outline 128px - 1x.png using Guid(6f26b2434055f404d8d9c0b82e4de90f) Importer(815301076,1909f56bfc062723c751e8b465ee728b)  -> (artifact id: 'ab83ecbd27be8e07baa2049041f971a8') in 0.024648 seconds 
========================================================================
Received Import Request.
  Time since last request: 0.000015 seconds.
  path: Assets/Packages/Modern UI Pack/Textures/Border/Rounded/128px/Rounded Outline 128px - 9x.png
  artifactKey: Guid(5a45c14358f6c9343a2a586388edb790) Importer(815301076,1909f56bfc062723c751e8b465ee728b)
Start importing Assets/Packages/Modern UI Pack/Textures/Border/Rounded/128px/Rounded Outline 128px - 9x.png using Guid(5a45c14358f6c9343a2a586388edb790) Importer(815301076,1909f56bfc062723c751e8b465ee728b)  -> (artifact id: '40d6b18e4eeeee0ac180fa3f37853337') in 0.027921 seconds 
========================================================================
Received Import Request.
  Time since last request: 0.000016 seconds.
  path: Assets/Packages/Modern UI Pack/Textures/Border/Rounded/128px/Rounded Outline 128px - 8x.png
  artifactKey: Guid(9250896c562fdb54093ca29f1494d52c) Importer(815301076,1909f56bfc062723c751e8b465ee728b)
Start importing Assets/Packages/Modern UI Pack/Textures/Border/Rounded/128px/Rounded Outline 128px - 8x.png using Guid(9250896c562fdb54093ca29f1494d52c) Importer(815301076,1909f56bfc062723c751e8b465ee728b)  -> (artifact id: '1e0059bfb72669db007c07ba8a36a6fd') in 0.025504 seconds 
========================================================================
Received Import Request.
  Time since last request: 0.000018 seconds.
  path: Assets/Packages/Modern UI Pack/Textures/Border/Rounded/256px/Rounded Outline 256px - 3x.png
  artifactKey: Guid(0c5916fd3b100fd4ca3fa1679ef6bda8) Importer(815301076,1909f56bfc062723c751e8b465ee728b)
Start importing Assets/Packages/Modern UI Pack/Textures/Border/Rounded/256px/Rounded Outline 256px - 3x.png using Guid(0c5916fd3b100fd4ca3fa1679ef6bda8) Importer(815301076,1909f56bfc062723c751e8b465ee728b)  -> (artifact id: '3699c56aede4d4f2b08dc8aa8363eb95') in 0.018373 seconds 
========================================================================
Received Import Request.
  Time since last request: 0.497300 seconds.
  path: Assets/Packages/Modern UI Pack/Textures/Border/Rounded/256px/Rounded Outline 256px - 5x.png
  artifactKey: Guid(6b07019707eaa514483b82a007127713) Importer(815301076,1909f56bfc062723c751e8b465ee728b)
Start importing Assets/Packages/Modern UI Pack/Textures/Border/Rounded/256px/Rounded Outline 256px - 5x.png using Guid(6b07019707eaa514483b82a007127713) Importer(815301076,1909f56bfc062723c751e8b465ee728b)  -> (artifact id: '2437fceb50ce6a826c7bc64323b584bb') in 0.016934 seconds 
========================================================================
Received Import Request.
  Time since last request: 0.000017 seconds.
  path: Assets/Packages/Modern UI Pack/Textures/Border/Rounded/256px/Rounded Outline 256px - 7x.png
  artifactKey: Guid(bf37077950706f74da3a4bb317f54d05) Importer(815301076,1909f56bfc062723c751e8b465ee728b)
Start importing Assets/Packages/Modern UI Pack/Textures/Border/Rounded/256px/Rounded Outline 256px - 7x.png using Guid(bf37077950706f74da3a4bb317f54d05) Importer(815301076,1909f56bfc062723c751e8b465ee728b)  -> (artifact id: '1adeda53eea458a1a954f279dec4c44c') in 0.015600 seconds 
========================================================================
Received Import Request.
  Time since last request: 0.032946 seconds.
  path: Assets/Packages/Modern UI Pack/Textures/Border/Rounded/256px/Rounded Outline 256px - 9x.png
  artifactKey: Guid(fc7f96ee4f833fd4a94f39893c574012) Importer(815301076,1909f56bfc062723c751e8b465ee728b)
Start importing Assets/Packages/Modern UI Pack/Textures/Border/Rounded/256px/Rounded Outline 256px - 9x.png using Guid(fc7f96ee4f833fd4a94f39893c574012) Importer(815301076,1909f56bfc062723c751e8b465ee728b)  -> (artifact id: 'b7cd3bc224a60d98a17331361acad248') in 0.016122 seconds 
========================================================================
Received Import Request.
  Time since last request: 0.000015 seconds.
  path: Assets/Packages/Modern UI Pack/Textures/Border/Rounded/512px/Rounded Outline 512px - 1x.png
  artifactKey: Guid(3f723d0c57d2be242b099d75109f59bc) Importer(815301076,1909f56bfc062723c751e8b465ee728b)
Start importing Assets/Packages/Modern UI Pack/Textures/Border/Rounded/512px/Rounded Outline 512px - 1x.png using Guid(3f723d0c57d2be242b099d75109f59bc) Importer(815301076,1909f56bfc062723c751e8b465ee728b)  -> (artifact id: '814cfc21aedf3702f9a42d7d79f70ab3') in 0.025984 seconds 
========================================================================
Received Import Request.
  Time since last request: 0.268406 seconds.
  path: Assets/Packages/Modern UI Pack/Textures/Border/Rounded/512px/Rounded Outline 512px - 3x.png
  artifactKey: Guid(7d5c7b2cbd4500c4d8a24af1c2879767) Importer(815301076,1909f56bfc062723c751e8b465ee728b)
Start importing Assets/Packages/Modern UI Pack/Textures/Border/Rounded/512px/Rounded Outline 512px - 3x.png using Guid(7d5c7b2cbd4500c4d8a24af1c2879767) Importer(815301076,1909f56bfc062723c751e8b465ee728b)  -> (artifact id: 'a111bc02f2a50bd8a437dc2cdfd81324') in 0.022019 seconds 
========================================================================
Received Import Request.
  Time since last request: 0.044543 seconds.
  path: Assets/Packages/Modern UI Pack/Textures/Border/Rounded/512px/Rounded Outline 512px - 5x.png
  artifactKey: Guid(4be7eec520aaf1842ac72027f8de8e0a) Importer(815301076,1909f56bfc062723c751e8b465ee728b)
Start importing Assets/Packages/Modern UI Pack/Textures/Border/Rounded/512px/Rounded Outline 512px - 5x.png using Guid(4be7eec520aaf1842ac72027f8de8e0a) Importer(815301076,1909f56bfc062723c751e8b465ee728b)  -> (artifact id: 'b0a35c8e20ce02b940cb96fb45a6e939') in 0.022343 seconds 
========================================================================
Received Import Request.
  Time since last request: 0.000014 seconds.
  path: Assets/Packages/Modern UI Pack/Textures/Border/Rounded/512px/Rounded Outline 512px - 6x.png
  artifactKey: Guid(c6054da7de1f08e47817d98cf925b113) Importer(815301076,1909f56bfc062723c751e8b465ee728b)
Start importing Assets/Packages/Modern UI Pack/Textures/Border/Rounded/512px/Rounded Outline 512px - 6x.png using Guid(c6054da7de1f08e47817d98cf925b113) Importer(815301076,1909f56bfc062723c751e8b465ee728b)  -> (artifact id: 'ef3ebff2964ce55b25e197bd9c5b28a2') in 0.025870 seconds 
========================================================================
Received Import Request.
  Time since last request: 0.000016 seconds.
  path: Assets/Packages/Modern UI Pack/Textures/Border/Rounded/512px/Rounded Outline 512px - 9x.png
  artifactKey: Guid(901603e1a042d3d4bb8bbfce7670771b) Importer(815301076,1909f56bfc062723c751e8b465ee728b)
Start importing Assets/Packages/Modern UI Pack/Textures/Border/Rounded/512px/Rounded Outline 512px - 9x.png using Guid(901603e1a042d3d4bb8bbfce7670771b) Importer(815301076,1909f56bfc062723c751e8b465ee728b)  -> (artifact id: 'cb789c2cf09094370882e7e4c9cde113') in 0.024420 seconds 
========================================================================
Received Import Request.
  Time since last request: 0.000017 seconds.
  path: Assets/Packages/Modern UI Pack/Textures/Border/Rounded/512px/Rounded Outline 512px - 10x.png
  artifactKey: Guid(96daee5178438474f980b8ec6dbbb2ac) Importer(815301076,1909f56bfc062723c751e8b465ee728b)
Start importing Assets/Packages/Modern UI Pack/Textures/Border/Rounded/512px/Rounded Outline 512px - 10x.png using Guid(96daee5178438474f980b8ec6dbbb2ac) Importer(815301076,1909f56bfc062723c751e8b465ee728b)  -> (artifact id: '1def9f767dd1d0560dd5726b366e8ebe') in 0.028368 seconds 
========================================================================
Received Import Request.
  Time since last request: 0.000016 seconds.
  path: Assets/Packages/Modern UI Pack/Textures/Border/Rounded/1024px/Rounded Outline 1024px - 2x.png
  artifactKey: Guid(dd176d93f0fbe4840880410005212d83) Importer(815301076,1909f56bfc062723c751e8b465ee728b)
Start importing Assets/Packages/Modern UI Pack/Textures/Border/Rounded/1024px/Rounded Outline 1024px - 2x.png using Guid(dd176d93f0fbe4840880410005212d83) Importer(815301076,1909f56bfc062723c751e8b465ee728b)  -> (artifact id: 'a543bb0c78412f757f483ba55297e0c5') in 0.051936 seconds 
========================================================================
Received Import Request.
  Time since last request: 0.000017 seconds.
  path: Assets/Packages/Modern UI Pack/Textures/Border/Rounded/1024px/Rounded Outline 1024px - 5x.png
  artifactKey: Guid(30d40c185a062b040966d888d396fb0d) Importer(815301076,1909f56bfc062723c751e8b465ee728b)
Start importing Assets/Packages/Modern UI Pack/Textures/Border/Rounded/1024px/Rounded Outline 1024px - 5x.png using Guid(30d40c185a062b040966d888d396fb0d) Importer(815301076,1909f56bfc062723c751e8b465ee728b)  -> (artifact id: '306a4e03e9b996054c5c59da2dc1ec15') in 0.047572 seconds 
========================================================================
Received Import Request.
  Time since last request: 0.060498 seconds.
  path: Assets/Packages/Modern UI Pack/Textures/Border/Rounded/1024px/Rounded Outline 1024px - 7x.png
  artifactKey: Guid(014e4350c5916b14ea6b235afebcaec9) Importer(815301076,1909f56bfc062723c751e8b465ee728b)
Start importing Assets/Packages/Modern UI Pack/Textures/Border/Rounded/1024px/Rounded Outline 1024px - 7x.png using Guid(014e4350c5916b14ea6b235afebcaec9) Importer(815301076,1909f56bfc062723c751e8b465ee728b)  -> (artifact id: 'a4ebfa02a44e7897b4b1b0f99db2d854') in 0.044389 seconds 
========================================================================
Received Import Request.
  Time since last request: 0.000019 seconds.
  path: Assets/Packages/Modern UI Pack/Textures/Border/Rounded/1024px/Rounded Outline 1024px - 8x.png
  artifactKey: Guid(ac2fc50e031e7244c88e84c77ffc0056) Importer(815301076,1909f56bfc062723c751e8b465ee728b)
Start importing Assets/Packages/Modern UI Pack/Textures/Border/Rounded/1024px/Rounded Outline 1024px - 8x.png using Guid(ac2fc50e031e7244c88e84c77ffc0056) Importer(815301076,1909f56bfc062723c751e8b465ee728b)  -> (artifact id: '3ddd327307715aed3a775beab3840769') in 0.044226 seconds 
========================================================================
Received Import Request.
  Time since last request: 0.000015 seconds.
  path: Assets/Packages/Modern UI Pack/Textures/Border/Rounded/1024px/Rounded Outline 1024px - 10x.png
  artifactKey: Guid(9badee22ad3256e44856c9d74e7b0b5f) Importer(815301076,1909f56bfc062723c751e8b465ee728b)
Start importing Assets/Packages/Modern UI Pack/Textures/Border/Rounded/1024px/Rounded Outline 1024px - 10x.png using Guid(9badee22ad3256e44856c9d74e7b0b5f) Importer(815301076,1909f56bfc062723c751e8b465ee728b)  -> (artifact id: '85583e0d4d87dd8900ff278fa406e678') in 0.051217 seconds 
========================================================================
Received Import Request.
  Time since last request: 0.000021 seconds.
  path: Packages/com.unity.collab-proxy/Editor/PlasticSCM/Assets/Images/secondarytabclose.png
  artifactKey: Guid(03cefa94d5aa9d74993fb2138af9d607) Importer(815301076,1909f56bfc062723c751e8b465ee728b)
Start importing Packages/com.unity.collab-proxy/Editor/PlasticSCM/Assets/Images/secondarytabclose.png using Guid(03cefa94d5aa9d74993fb2138af9d607) Importer(815301076,1909f56bfc062723c751e8b465ee728b)  -> (artifact id: '6fac02b3c97a9bf8b8370b10ea6d04e2') in 0.017567 seconds 
========================================================================
Received Import Request.
  Time since last request: 0.000036 seconds.
  path: Assets/Packages/Modern UI Pack/Textures/Icon/Common/Settings Filled.png
  artifactKey: Guid(ce4f0f0804dfd3b4a84ad79898a71fe9) Importer(815301076,1909f56bfc062723c751e8b465ee728b)
Start importing Assets/Packages/Modern UI Pack/Textures/Icon/Common/Settings Filled.png using Guid(ce4f0f0804dfd3b4a84ad79898a71fe9) Importer(815301076,1909f56bfc062723c751e8b465ee728b)  -> (artifact id: 'cf05bb69693928e4259e19dbbbc0b379') in 0.022214 seconds 
========================================================================
Received Import Request.
  Time since last request: 0.000017 seconds.
  path: Assets/Packages/Modern UI Pack/Textures/Icon/Navigation/Search.png
  artifactKey: Guid(6d669c2082983644b9d4a34c0b22b1e4) Importer(815301076,1909f56bfc062723c751e8b465ee728b)
Start importing Assets/Packages/Modern UI Pack/Textures/Icon/Navigation/Search.png using Guid(6d669c2082983644b9d4a34c0b22b1e4) Importer(815301076,1909f56bfc062723c751e8b465ee728b)  -> (artifact id: '8e9ddb8029327be55804f76ccf9f636e') in 0.020271 seconds 
========================================================================
Received Import Request.
  Time since last request: 0.000016 seconds.
  path: Assets/Packages/Modern UI Pack/Textures/Demo/Icons/Slider.png
  artifactKey: Guid(442be0b75e76e0b42b75f3cfc7040aaf) Importer(815301076,1909f56bfc062723c751e8b465ee728b)
Start importing Assets/Packages/Modern UI Pack/Textures/Demo/Icons/Slider.png using Guid(442be0b75e76e0b42b75f3cfc7040aaf) Importer(815301076,1909f56bfc062723c751e8b465ee728b)  -> (artifact id: '9f0afe9d9a693aff10da3451ef858c86') in 0.024275 seconds 
========================================================================
Received Import Request.
  Time since last request: 0.592579 seconds.
  path: Assets/Packages/Modern UI Pack/Textures/Border/Flat/Square Filled.png
  artifactKey: Guid(b325a13e94f3bac4199e75b91fa98449) Importer(815301076,1909f56bfc062723c751e8b465ee728b)
Start importing Assets/Packages/Modern UI Pack/Textures/Border/Flat/Square Filled.png using Guid(b325a13e94f3bac4199e75b91fa98449) Importer(815301076,1909f56bfc062723c751e8b465ee728b)  -> (artifact id: '4643c5aa602beba59b5222bf264adfbc') in 0.042857 seconds 
========================================================================
Received Import Request.
  Time since last request: 0.075343 seconds.
  path: Assets/Packages/Modern UI Pack/Textures/Icon/Common/Star Filled.png
  artifactKey: Guid(9df0f4d8c02014347ad2d7de427e0ced) Importer(815301076,1909f56bfc062723c751e8b465ee728b)
Start importing Assets/Packages/Modern UI Pack/Textures/Icon/Common/Star Filled.png using Guid(9df0f4d8c02014347ad2d7de427e0ced) Importer(815301076,1909f56bfc062723c751e8b465ee728b)  -> (artifact id: '73f34dc99c667ec3b309e4971636d2f3') in 0.028580 seconds 
========================================================================
Received Import Request.
  Time since last request: 0.278143 seconds.
  path: Packages/com.unity.collab-proxy/Editor/PlasticSCM/Assets/Images/step2.png
  artifactKey: Guid(cd0b17b71a5c498428ee91dee8a78a88) Importer(815301076,1909f56bfc062723c751e8b465ee728b)
Start importing Packages/com.unity.collab-proxy/Editor/PlasticSCM/Assets/Images/step2.png using Guid(cd0b17b71a5c498428ee91dee8a78a88) Importer(815301076,1909f56bfc062723c751e8b465ee728b)  -> (artifact id: '64bc8e00027bf6c9dad7a8f58547353b') in 0.013319 seconds 
========================================================================
Received Import Request.
  Time since last request: 0.049921 seconds.
  path: Packages/com.unity.collab-proxy/Editor/PlasticSCM/Assets/Images/step3@2x.png
  artifactKey: Guid(36e6970b84831434a9eac79abd03700b) Importer(815301076,1909f56bfc062723c751e8b465ee728b)
Start importing Packages/com.unity.collab-proxy/Editor/PlasticSCM/Assets/Images/step3@2x.png using Guid(36e6970b84831434a9eac79abd03700b) Importer(815301076,1909f56bfc062723c751e8b465ee728b)  -> (artifact id: '2aa10bf10a1dd2bec342e623fc58737d') in 0.014822 seconds 
========================================================================
Received Import Request.
  Time since last request: 0.035574 seconds.
  path: Assets/Packages/Modern UI Pack/Textures/Demo/Icons/Switch.png
  artifactKey: Guid(f2fb15b73c96f384988cd1b3a948e9d3) Importer(815301076,1909f56bfc062723c751e8b465ee728b)
Start importing Assets/Packages/Modern UI Pack/Textures/Demo/Icons/Switch.png using Guid(f2fb15b73c96f384988cd1b3a948e9d3) Importer(815301076,1909f56bfc062723c751e8b465ee728b)  -> (artifact id: 'fe3b8424c52754eb6f5e02039a422097') in 0.014954 seconds 
========================================================================
Received Import Request.
  Time since last request: 0.000018 seconds.
  path: Assets/Packages/Modern UI Pack/Textures/Demo/Icons/Toggle Filled.png
  artifactKey: Guid(4700eeec535d00648ac2136713a054fe) Importer(815301076,1909f56bfc062723c751e8b465ee728b)
Start importing Assets/Packages/Modern UI Pack/Textures/Demo/Icons/Toggle Filled.png using Guid(4700eeec535d00648ac2136713a054fe) Importer(815301076,1909f56bfc062723c751e8b465ee728b)  -> (artifact id: 'd6d5601da314eb665119086635a97548') in 0.018393 seconds 
========================================================================
Received Import Request.
  Time since last request: 0.026322 seconds.
  path: Assets/Packages/Modern UI Pack/Textures/Icon/Common/Trash.png
  artifactKey: Guid(8c998213d53883d4b8fdf7a3eb3c2909) Importer(815301076,1909f56bfc062723c751e8b465ee728b)
Start importing Assets/Packages/Modern UI Pack/Textures/Icon/Common/Trash.png using Guid(8c998213d53883d4b8fdf7a3eb3c2909) Importer(815301076,1909f56bfc062723c751e8b465ee728b)  -> (artifact id: '6c1d145f8fc86157c0a22ed3e64f5b6d') in 0.034271 seconds 
========================================================================
Received Import Request.
  Time since last request: 0.000021 seconds.
  path: Assets/Packages/Modern UI Pack/Resources/Editor/UIM Editor Light.png
  artifactKey: Guid(211e0fc65fd3ff147b04f622187dd2d3) Importer(815301076,1909f56bfc062723c751e8b465ee728b)
Start importing Assets/Packages/Modern UI Pack/Resources/Editor/UIM Editor Light.png using Guid(211e0fc65fd3ff147b04f622187dd2d3) Importer(815301076,1909f56bfc062723c751e8b465ee728b)  -> (artifact id: '33064e9c6c200777fe6863e5dd6f3597') in 0.023603 seconds 
========================================================================
Received Import Request.
  Time since last request: 0.018992 seconds.
  path: Assets/Packages/Modern UI Pack/Textures/Icon/Media/Video.png
  artifactKey: Guid(f244bcedbf1c0334f9374ae6549fd0ca) Importer(815301076,1909f56bfc062723c751e8b465ee728b)
Start importing Assets/Packages/Modern UI Pack/Textures/Icon/Media/Video.png using Guid(f244bcedbf1c0334f9374ae6549fd0ca) Importer(815301076,1909f56bfc062723c751e8b465ee728b)  -> (artifact id: '70b858fd76a0f35897ac67788c0fa021') in 0.022363 seconds 
========================================================================
Received Import Request.
  Time since last request: 0.033210 seconds.
  path: Assets/Packages/Modern UI Pack/Textures/Demo/Icons/Window Manager Filled.png
  artifactKey: Guid(d05a0849d2ec15944b052fe84139327c) Importer(815301076,1909f56bfc062723c751e8b465ee728b)
Start importing Assets/Packages/Modern UI Pack/Textures/Demo/Icons/Window Manager Filled.png using Guid(d05a0849d2ec15944b052fe84139327c) Importer(815301076,1909f56bfc062723c751e8b465ee728b)  -> (artifact id: '963a77f12b758ae4fe60a924cb1f70c7') in 0.014160 seconds 
Editor requested this worker to shutdown with reason: Scaling down because of idle timeout
AssetImportWorker is now disconnected from the server
Process exiting
Exiting without the bug reporter. Application will terminate with return code 0